<?xml version="1.0" encoding="UTF-8"?>
<testsuite xmlns:xsi="http://www.w3.org/2001/XMLSchema-instance" xsi:noNamespaceSchemaLocation="https://maven.apache.org/surefire/maven-surefire-plugin/xsd/surefire-test-report.xsd" name="hu.bme.mit.spaceship.GT4500Test" time="1.13" tests="7" errors="0" skipped="0" failures="0">
  <properties>
[...]
</properties>
  <testcase name="fireTorpedo_ALL_BothEmpty" classname="hu.bme.mit.spaceship.GT4500Test" time="1.089"/>
  <testcase name="fireTorpedo_Single_Success" classname="hu.bme.mit.spaceship.GT4500Test" time="0.005"/>
  <testcase name="fireTorpedo_Single_Failure" classname="hu.bme.mit.spaceship.GT4500Test" time="0.002"/>
  <testcase name="fireTorpedo_All_Success" classname="hu.bme.mit.spaceship.GT4500Test" time="0.003"/>
  <testcase name="fireTorpedo_Single_PrimaryEmpty" classname="hu.bme.mit.spaceship.GT4500Test" time="0.003"/>
  <testcase name="fireTorpedo_Single_BothEmpty" classname="hu.bme.mit.spaceship.GT4500Test" time="0.002"/>
  <testcase name="fireTorpedo_All_PrimaryEmpty" classname="hu.bme.mit.spaceship.GT4500Test" time="0.003"/>
</testsuite>